<?xml version="1.0" encoding="UTF-8"?>
<!-- Generated by org.testng.reporters.JUnitXMLReporter -->
<testsuite hostname="agentQ" failures="0" tests="5" name="Default test" time="38.832" errors="0" timestamp="13 Dec 2018 03:40:33 GMT">
  <testcase classname="com.apsrtc.qa.apsrtc.test.SearchBusTest" name="searchBustest" time="0.011"/>
  <testcase classname="com.apsrtc.qa.apsrtc.test.SearchBusTest" name="searchBustest" time="0.002"/>
  <testcase classname="com.apsrtc.qa.apsrtc.test.SearchBusTest" name="searchBustest" time="0.002"/>
  <testcase classname="com.apsrtc.qa.apsrtc.test.SearchBusTest" name="searchBustest" time="0.004"/>
  <testcase classname="com.apsrtc.qa.apsrtc.test.SearchBusTest" name="searchBustest" time="0.003"/>
</testsuite> <!-- Default test -->
