<?xml version="1.0" encoding="UTF-8"?>
<testng-results total="5" passed="5" failed="0" skipped="0">
  <reporter-output>
  </reporter-output>
  <suite started-at="2018-12-13T03:39:54Z" name="Default suite" finished-at="2018-12-13T03:40:33Z" duration-ms="38832">
    <groups>
      <group name="smoke">
        <method signature="SearchBusTest.searchBustest(java.lang.String, java.lang.String, java.lang.String, java.lang.String)[pri:0, instance:com.apsrtc.qa.apsrtc.test.SearchBusTest@45ca843]" name="searchBustest" class="com.apsrtc.qa.apsrtc.test.SearchBusTest"/>
      </group> <!-- smoke -->
    </groups>
    <test started-at="2018-12-13T03:39:54Z" name="Default test" finished-at="2018-12-13T03:40:33Z" duration-ms="38832">
      <class name="com.apsrtc.qa.apsrtc.test.SearchBusTest">
        <test-method is-config="true" signature="setUp()[pri:0, instance:com.apsrtc.qa.apsrtc.test.SearchBusTest@45ca843]" started-at="2018-12-13T09:09:55Z" name="setUp" finished-at="2018-12-13T09:10:02Z" duration-ms="6740" status="PASS">
          <reporter-output>
          </reporter-output>
        </test-method> <!-- setUp -->
        <test-method signature="searchBustest(java.lang.String, java.lang.String, java.lang.String, java.lang.String)[pri:0, instance:com.apsrtc.qa.apsrtc.test.SearchBusTest@45ca843]" started-at="2018-12-13T09:10:02Z" name="searchBustest" data-provider="getCRMtestData" finished-at="2018-12-13T09:10:02Z" duration-ms="11" status="PASS">
          <params>
            <param index="0">
              <value is-null="true"/>
            </param>
            <param index="1">
              <value is-null="true"/>
            </param>
            <param index="2">
              <value is-null="true"/>
            </param>
            <param index="3">
              <value is-null="true"/>
            </param>
          </params>
          <reporter-output>
          </reporter-output>
        </test-method> <!-- searchBustest -->
        <test-method is-config="true" signature="tearDown()[pri:0, instance:com.apsrtc.qa.apsrtc.test.SearchBusTest@45ca843]" started-at="2018-12-13T09:10:02Z" name="tearDown" finished-at="2018-12-13T09:10:03Z" duration-ms="784" status="PASS">
          <reporter-output>
          </reporter-output>
        </test-method> <!-- tearDown -->
        <test-method is-config="true" signature="setUp()[pri:0, instance:com.apsrtc.qa.apsrtc.test.SearchBusTest@45ca843]" started-at="2018-12-13T09:10:03Z" name="setUp" finished-at="2018-12-13T09:10:09Z" duration-ms="5905" status="PASS">
          <reporter-output>
          </reporter-output>
        </test-method> <!-- setUp -->
        <test-method signature="searchBustest(java.lang.String, java.lang.String, java.lang.String, java.lang.String)[pri:0, instance:com.apsrtc.qa.apsrtc.test.SearchBusTest@45ca843]" started-at="2018-12-13T09:10:09Z" name="searchBustest" data-provider="getCRMtestData" finished-at="2018-12-13T09:10:09Z" duration-ms="2" status="PASS">
          <params>
            <param index="0">
              <value is-null="true"/>
            </param>
            <param index="1">
              <value is-null="true"/>
            </param>
            <param index="2">
              <value is-null="true"/>
            </param>
            <param index="3">
              <value is-null="true"/>
            </param>
          </params>
          <reporter-output>
          </reporter-output>
        </test-method> <!-- searchBustest -->
        <test-method is-config="true" signature="tearDown()[pri:0, instance:com.apsrtc.qa.apsrtc.test.SearchBusTest@45ca843]" started-at="2018-12-13T09:10:09Z" name="tearDown" finished-at="2018-12-13T09:10:10Z" duration-ms="832" status="PASS">
          <reporter-output>
          </reporter-output>
        </test-method> <!-- tearDown -->
        <test-method is-config="true" signature="setUp()[pri:0, instance:com.apsrtc.qa.apsrtc.test.SearchBusTest@45ca843]" started-at="2018-12-13T09:10:10Z" name="setUp" finished-at="2018-12-13T09:10:16Z" duration-ms="6093" status="PASS">
          <reporter-output>
          </reporter-output>
        </test-method> <!-- setUp -->
        <test-method signature="searchBustest(java.lang.String, java.lang.String, java.lang.String, java.lang.String)[pri:0, instance:com.apsrtc.qa.apsrtc.test.SearchBusTest@45ca843]" started-at="2018-12-13T09:10:16Z" name="searchBustest" data-provider="getCRMtestData" finished-at="2018-12-13T09:10:16Z" duration-ms="2" status="PASS">
          <params>
            <param index="0">
              <value is-null="true"/>
            </param>
            <param index="1">
              <value is-null="true"/>
            </param>
            <param index="2">
              <value is-null="true"/>
            </param>
            <param index="3">
              <value is-null="true"/>
            </param>
          </params>
          <reporter-output>
          </reporter-output>
        </test-method> <!-- searchBustest -->
        <test-method is-config="true" signature="tearDown()[pri:0, instance:com.apsrtc.qa.apsrtc.test.SearchBusTest@45ca843]" started-at="2018-12-13T09:10:16Z" name="tearDown" finished-at="2018-12-13T09:10:17Z" duration-ms="1044" status="PASS">
          <reporter-output>
          </reporter-output>
        </test-method> <!-- tearDown -->
        <test-method is-config="true" signature="setUp()[pri:0, instance:com.apsrtc.qa.apsrtc.test.SearchBusTest@45ca843]" started-at="2018-12-13T09:10:17Z" name="setUp" finished-at="2018-12-13T09:10:23Z" duration-ms="6073" status="PASS">
          <reporter-output>
          </reporter-output>
        </test-method> <!-- setUp -->
        <test-method signature="searchBustest(java.lang.String, java.lang.String, java.lang.String, java.lang.String)[pri:0, instance:com.apsrtc.qa.apsrtc.test.SearchBusTest@45ca843]" started-at="2018-12-13T09:10:23Z" name="searchBustest" data-provider="getCRMtestData" finished-at="2018-12-13T09:10:23Z" duration-ms="4" status="PASS">
          <params>
            <param index="0">
              <value is-null="true"/>
            </param>
            <param index="1">
              <value is-null="true"/>
            </param>
            <param index="2">
              <value is-null="true"/>
            </param>
            <param index="3">
              <value is-null="true"/>
            </param>
          </params>
          <reporter-output>
          </reporter-output>
        </test-method> <!-- searchBustest -->
        <test-method is-config="true" signature="tearDown()[pri:0, instance:com.apsrtc.qa.apsrtc.test.SearchBusTest@45ca843]" started-at="2018-12-13T09:10:23Z" name="tearDown" finished-at="2018-12-13T09:10:24Z" duration-ms="864" status="PASS">
          <reporter-output>
          </reporter-output>
        </test-method> <!-- tearDown -->
        <test-method is-config="true" signature="setUp()[pri:0, instance:com.apsrtc.qa.apsrtc.test.SearchBusTest@45ca843]" started-at="2018-12-13T09:10:24Z" name="setUp" finished-at="2018-12-13T09:10:30Z" duration-ms="6575" status="PASS">
          <reporter-output>
          </reporter-output>
        </test-method> <!-- setUp -->
        <test-method signature="searchBustest(java.lang.String, java.lang.String, java.lang.String, java.lang.String)[pri:0, instance:com.apsrtc.qa.apsrtc.test.SearchBusTest@45ca843]" started-at="2018-12-13T09:10:30Z" name="searchBustest" data-provider="getCRMtestData" finished-at="2018-12-13T09:10:30Z" duration-ms="3" status="PASS">
          <params>
            <param index="0">
              <value is-null="true"/>
            </param>
            <param index="1">
              <value is-null="true"/>
            </param>
            <param index="2">
              <value is-null="true"/>
            </param>
            <param index="3">
              <value is-null="true"/>
            </param>
          </params>
          <reporter-output>
          </reporter-output>
        </test-method> <!-- searchBustest -->
        <test-method is-config="true" signature="tearDown()[pri:0, instance:com.apsrtc.qa.apsrtc.test.SearchBusTest@45ca843]" started-at="2018-12-13T09:10:30Z" name="tearDown" finished-at="2018-12-13T09:10:33Z" duration-ms="2766" status="PASS">
          <reporter-output>
          </reporter-output>
        </test-method> <!-- tearDown -->
      </class> <!-- com.apsrtc.qa.apsrtc.test.SearchBusTest -->
    </test> <!-- Default test -->
  </suite> <!-- Default suite -->
</testng-results>
